#
# There is insufficient memory for the Java Runtime Environment to continue.
# Native memory allocation (mmap) failed to map 65011712 bytes for G1 virtual space
# Possible reasons:
#   The system is out of physical RAM or swap space
#   The process is running with CompressedOops enabled, and the Java Heap may be blocking the growth of the native heap
# Possible solutions:
#   Reduce memory load on the system
#   Increase physical memory or swap space
#   Check if swap backing store is full
#   Decrease Java heap size (-Xmx/-Xms)
#   Decrease number of Java threads
#   Decrease Java thread stack sizes (-Xss)
#   Set larger code cache with -XX:ReservedCodeCacheSize=
#   JVM is running with Unscaled Compressed Oops mode in which the Java heap is
#     placed in the first 4GB address space. The Java Heap base address is the
#     maximum limit for the native heap growth. Please use -XX:HeapBaseMinAddress
#     to set the Java Heap base and to place the Java Heap above 4GB virtual address.
# This output file may be truncated or incomplete.
#
#  Out of Memory Error (os_windows.cpp:3469), pid=16344, tid=11840
#
# JRE version:  (17.0.1+12) (build )
# Java VM: Java HotSpot(TM) 64-Bit Server VM (17.0.1+12-LTS-39, mixed mode, sharing, tiered, compressed oops, compressed class ptrs, g1 gc, windows-amd64)
# No core dump will be written. Minidumps are not enabled by default on client versions of Windows
#

---------------  S U M M A R Y ------------

Command Line: -Dfile.encoding=Cp1252 --module-path=C:\Users\SRI JANANI\eclipse-workspace\hello\bin -XX:+ShowCodeDetailsInExceptionMessages -Djdk.module.main=hello hello/hello.odd_or_even

Host: Intel(R) Core(TM) i3-10110U CPU @ 2.10GHz, 4 cores, 3G,  Windows 10 , 64 bit Build 19041 (10.0.19041.1348)
Time: Fri Jan  7 10:38:21 2022 India Standard Time elapsed time: 0.018982 seconds (0d 0h 0m 0s)

---------------  T H R E A D  ---------------

Current thread (0x00000253a918d070):  JavaThread "Unknown thread" [_thread_in_vm, id=11840, stack(0x0000008dc7900000,0x0000008dc7a00000)]

Stack: [0x0000008dc7900000,0x0000008dc7a00000]
Native frames: (J=compiled Java code, j=interpreted, Vv=VM code, C=native code)
V  [jvm.dll+0x66fa1a]
V  [jvm.dll+0x7ce5a4]
V  [jvm.dll+0x7cfd4e]
V  [jvm.dll+0x7d03b3]
V  [jvm.dll+0x242b05]
V  [jvm.dll+0x66ca39]
V  [jvm.dll+0x661502]
V  [jvm.dll+0x30081b]
V  [jvm.dll+0x307da6]
V  [jvm.dll+0x357a1e]
V  [jvm.dll+0x357c4f]
V  [jvm.dll+0x2d7ad8]
V  [jvm.dll+0x2d8a44]
V  [jvm.dll+0x7a01e1]
V  [jvm.dll+0x365791]
V  [jvm.dll+0x77f6cc]
V  [jvm.dll+0x3e812f]
V  [jvm.dll+0x3e9bd1]
C  [jli.dll+0x527b]
C  [ucrtbase.dll+0x21bb2]
C  [KERNEL32.DLL+0x17034]
C  [ntdll.dll+0x52651]


---------------  P R O C E S S  ---------------

Threads class SMR info:
_java_thread_list=0x00007ffa32067818, length=0, elements={
}

Java Threads: ( => current thread )

Other Threads:
  0x00000253a91bb850 GCTaskThread "GC Thread#0" [stack: 0x0000008dc7a00000,0x0000008dc7b00000] [id=8564]
  0x00000253a91c4ab0 ConcurrentGCThread "G1 Main Marker" [stack: 0x0000008dc7b00000,0x0000008dc7c00000] [id=17920]
  0x00000253a91c54c0 ConcurrentGCThread "G1 Conc#0" [stack: 0x0000008dc7c00000,0x0000008dc7d00000] [id=8412]

[error occurred during error reporting (printing all threads), id 0xc0000005, EXCEPTION_ACCESS_VIOLATION (0xc0000005) at pc=0x00007ffa318b84b7]

VM state: not at safepoint (not fully initialized)

VM Mutex/Monitor currently owned by a thread:  ([mutex/lock_event])
[0x00000253a91889c0] Heap_lock - owner thread: 0x00000253a918d070

Heap address: 0x00000000c2400000, size: 988 MB, Compressed Oops mode: 32-bit

CDS archive(s) mapped at: [0x0000000000000000-0x0000000000000000-0x0000000000000000), size 0, SharedBaseAddress: 0x0000000800000000, ArchiveRelocationMode: 0.
Narrow klass base: 0x0000000000000000, Narrow klass shift: 0, Narrow klass range: 0x0

GC Precious Log:
<Empty>

Heap:
 garbage-first heap   total 0K, used 0K [0x00000000c2400000, 0x0000000100000000)
  region size 1024K, 0 young (0K), 0 survivors (0K)

[error occurred during error reporting (printing heap information), id 0xc0000005, EXCEPTION_ACCESS_VIOLATION (0xc0000005) at pc=0x00007ffa31c98d89]

GC Heap History (0 events):
No events

Deoptimization events (0 events):
No events

Classes unloaded (0 events):
No events

Classes redefined (0 events):
No events

Internal exceptions (0 events):
No events

VM Operations (0 events):
No events

Events (1 events):
Event: 0.012 Loaded shared library C:\Program Files\Java\jdk-17.0.1\bin\java.dll


Dynamic libraries:
0x00007ff69b2a0000 - 0x00007ff69b2b0000 	C:\Program Files\Java\jdk-17.0.1\bin\javaw.exe
0x00007ffa7fd70000 - 0x00007ffa7ff65000 	C:\Windows\SYSTEM32\ntdll.dll
0x00007ffa7f1d0000 - 0x00007ffa7f28e000 	C:\Windows\System32\KERNEL32.DLL
0x00007ffa7d4b0000 - 0x00007ffa7d778000 	C:\Windows\System32\KERNELBASE.dll
0x00007ffa7a8f0000 - 0x00007ffa7a980000 	C:\Windows\SYSTEM32\apphelp.dll
0x00007ffa7db20000 - 0x00007ffa7dc20000 	C:\Windows\System32\ucrtbase.dll
0x00007ffa75590000 - 0x00007ffa755aa000 	C:\Program Files\Java\jdk-17.0.1\bin\VCRUNTIME140.dll
0x00007ffa73ec0000 - 0x00007ffa73ed8000 	C:\Program Files\Java\jdk-17.0.1\bin\jli.dll
0x00007ffa7f530000 - 0x00007ffa7f5dc000 	C:\Windows\System32\ADVAPI32.dll
0x00007ffa7f410000 - 0x00007ffa7f4ae000 	C:\Windows\System32\msvcrt.dll
0x00007ffa7e1d0000 - 0x00007ffa7e26b000 	C:\Windows\System32\sechost.dll
0x00007ffa7f760000 - 0x00007ffa7f88a000 	C:\Windows\System32\RPCRT4.dll
0x00007ffa7ded0000 - 0x00007ffa7e071000 	C:\Windows\System32\USER32.dll
0x00007ffa7dc20000 - 0x00007ffa7dc42000 	C:\Windows\System32\win32u.dll
0x00007ffa7e360000 - 0x00007ffa7e38b000 	C:\Windows\System32\GDI32.dll
0x00007ffa7d900000 - 0x00007ffa7da0d000 	C:\Windows\System32\gdi32full.dll
0x00007ffa7d780000 - 0x00007ffa7d81d000 	C:\Windows\System32\msvcp_win.dll
0x00007ffa672e0000 - 0x00007ffa6757a000 	C:\Windows\WinSxS\amd64_microsoft.windows.common-controls_6595b64144ccf1df_6.0.19041.1110_none_60b5254171f9507e\COMCTL32.dll
0x00007ffa74a40000 - 0x00007ffa74a4a000 	C:\Windows\SYSTEM32\VERSION.dll
0x00007ffa7eca0000 - 0x00007ffa7ecd0000 	C:\Windows\System32\IMM32.DLL
0x00007ffa78b90000 - 0x00007ffa78b9c000 	C:\Program Files\Java\jdk-17.0.1\bin\vcruntime140_1.dll
0x00007ffa5c6f0000 - 0x00007ffa5c77d000 	C:\Program Files\Java\jdk-17.0.1\bin\msvcp140.dll
0x00007ffa315d0000 - 0x00007ffa3218e000 	C:\Program Files\Java\jdk-17.0.1\bin\server\jvm.dll
0x00007ffa7f400000 - 0x00007ffa7f408000 	C:\Windows\System32\PSAPI.DLL
0x00007ffa60f90000 - 0x00007ffa60fb7000 	C:\Windows\SYSTEM32\WINMM.dll
0x00007ffa76eb0000 - 0x00007ffa76eb9000 	C:\Windows\SYSTEM32\WSOCK32.dll
0x00007ffa7e160000 - 0x00007ffa7e1cb000 	C:\Windows\System32\WS2_32.dll
0x00007ffa7bd00000 - 0x00007ffa7bd12000 	C:\Windows\SYSTEM32\kernel.appcore.dll
0x00007ffa76d60000 - 0x00007ffa76d6a000 	C:\Program Files\Java\jdk-17.0.1\bin\jimage.dll
0x00007ffa7b250000 - 0x00007ffa7b434000 	C:\Windows\SYSTEM32\DBGHELP.DLL
0x00007ffa66e60000 - 0x00007ffa66e8c000 	C:\Windows\SYSTEM32\dbgcore.DLL
0x00007ffa7d820000 - 0x00007ffa7d8a2000 	C:\Windows\System32\bcryptPrimitives.dll
0x00007ffa73e90000 - 0x00007ffa73eb5000 	C:\Program Files\Java\jdk-17.0.1\bin\java.dll

dbghelp: loaded successfully - version: 4.0.5 - missing functions: none
symbol engine: initialized successfully - sym options: 0x614 - pdb path: .;C:\Program Files\Java\jdk-17.0.1\bin;C:\Windows\SYSTEM32;C:\Windows\WinSxS\amd64_microsoft.windows.common-controls_6595b64144ccf1df_6.0.19041.1110_none_60b5254171f9507e;C:\Program Files\Java\jdk-17.0.1\bin\server

VM Arguments:
jvm_args: -Dfile.encoding=Cp1252 --module-path=C:\Users\SRI JANANI\eclipse-workspace\hello\bin -XX:+ShowCodeDetailsInExceptionMessages -Djdk.module.main=hello 
java_command: hello/hello.odd_or_even
java_class_path (initial): <not set>
Launcher Type: SUN_STANDARD

[Global flags]
     intx CICompilerCount                          = 3                                         {product} {ergonomic}
     uint ConcGCThreads                            = 1                                         {product} {ergonomic}
     uint G1ConcRefinementThreads                  = 4                                         {product} {ergonomic}
   size_t G1HeapRegionSize                         = 1048576                                   {product} {ergonomic}
    uintx GCDrainStackTargetSize                   = 64                                        {product} {ergonomic}
   size_t InitialHeapSize                          = 65011712                                  {product} {ergonomic}
   size_t MarkStackSize                            = 4194304                                   {product} {ergonomic}
   size_t MaxHeapSize                              = 1035993088                                {product} {ergonomic}
   size_t MinHeapDeltaBytes                        = 1048576                                   {product} {ergonomic}
   size_t MinHeapSize                              = 8388608                                   {product} {ergonomic}
    uintx NonNMethodCodeHeapSize                   = 5832780                                {pd product} {ergonomic}
    uintx NonProfiledCodeHeapSize                  = 122912730                              {pd product} {ergonomic}
    uintx ProfiledCodeHeapSize                     = 122912730                              {pd product} {ergonomic}
    uintx ReservedCodeCacheSize                    = 251658240                              {pd product} {ergonomic}
     bool SegmentedCodeCache                       = true                                      {product} {ergonomic}
     bool ShowCodeDetailsInExceptionMessages       = true                                   {manageable} {command line}
   size_t SoftMaxHeapSize                          = 1035993088                             {manageable} {ergonomic}
     bool UseCompressedClassPointers               = true                           {product lp64_product} {ergonomic}
     bool UseCompressedOops                        = true                           {product lp64_product} {ergonomic}
     bool UseG1GC                                  = true                                      {product} {ergonomic}
     bool UseLargePagesIndividualAllocation        = false                                  {pd product} {ergonomic}

Logging:
Log output configuration:
 #0: stdout all=warning uptime,level,tags
 #1: stderr all=off uptime,level,tags

Environment Variables:
JAVA_HOME=C:\Program Files\Java\jdk-17.0.1
PATH=C:\Program Files\Common Files\Oracle\Java\javapath;C:\Windows\system32;C:\Windows;C:\Windows\System32\Wbem;C:\Windows\System32\WindowsPowerShell\v1.0\;C:\Windows\System32\OpenSSH\;C:\Program Files (x86)\Calibre2\;D:\matlab\matlab\runtime\win64;D:\matlab\matlab\bin;D:\matlab\matlab\polyspace\bin;C:\Program Files\Java\jdk-17.0.1\bin;C:\Users\SRI JANANI\AppData\Local\Programs\Python\Python39\Scripts\;C:\Users\SRI JANANI\AppData\Local\Programs\Python\Python39\;C:\Users\SRI JANANI\AppData\Local\Microsoft\WindowsApps;;D:\PyCharm\PyCharm Community Edition 2021.1\bin;
USERNAME=SRI JANANI
OS=Windows_NT
PROCESSOR_IDENTIFIER=Intel64 Family 6 Model 142 Stepping 12, GenuineIntel



---------------  S Y S T E M  ---------------

OS:
 Windows 10 , 64 bit Build 19041 (10.0.19041.1348)
OS uptime: 6 days 19:12 hours

CPU: total 4 (initial active 4) (2 cores per cpu, 2 threads per core) family 6 model 142 stepping 12 microcode 0xea, cx8, cmov, fxsr, ht, mmx, 3dnowpref, sse, sse2, sse3, ssse3, sse4.1, sse4.2, popcnt, lzcnt, tsc, tscinvbit, avx, avx2, aes, erms, clmul, bmi1, bmi2, adx, fma, vzeroupper, clflush, clflushopt

Memory: 4k page, system-wide physical 3945M (269M free)
TotalPageFile size 16233M (AvailPageFile size 62M)
current process WorkingSet (physical memory assigned to process): 10M, peak: 10M
current process commit charge ("private bytes"): 51M, peak: 113M

vm_info: Java HotSpot(TM) 64-Bit Server VM (17.0.1+12-LTS-39) for windows-amd64 JRE (17.0.1+12-LTS-39), built on Sep 27 2021 18:41:35 by "mach5one" with MS VC++ 16.8 (VS2019)

END.
